<?xml version="1.0" encoding="UTF-8"?>
<testsuites>
    <testsuite name="force.apex" timestamp="2025-09-29T22:08:03.000Z" hostname="https://skincureoncology--full.sandbox.my.salesforce.com" tests="8" failures="4"  errors="0"  time="0.17">
        <properties>
            <property name="outcome" value="Failed"/>
            <property name="testsRan" value="8"/>
            <property name="passing" value="4"/>
            <property name="failing" value="4"/>
            <property name="skipped" value="0"/>
            <property name="passRate" value="50%"/>
            <property name="failRate" value="50%"/>
            <property name="testStartTime" value="Mon Sep 29 2025 3:08:03 PM"/>
            <property name="testSetupTimeInMs" value="17431"/>
            <property name="testExecutionTime" value="0.17 s"/>
            <property name="testTotalTime" value="17.60 s"/>
            <property name="commandTime" value="0.37 s"/>
            <property name="hostname" value="https://skincureoncology--full.sandbox.my.salesforce.com"/>
            <property name="orgId" value="00DVE000007R8yL2AS"/>
            <property name="username" value="ascent.cloud@skincure.ascentcloud.io"/>
            <property name="testRunId" value="707VE00001S5xEM"/>
            <property name="userId" value="005VE00000QfHNhYAN"/>
            <property name="coveredLines" value="76"/>
            <property name="testRunCoverage" value="46%"/>
            <property name="orgWideCoverage" value="1%"/>
        </properties>
        <testcase name="testAddressVariants" classname="MarketingMapControllerTest" time="0.05">
            <failure message="System.AssertException: Assertion Failed: At least one address should include a ZIP code"><![CDATA[Class.MarketingMapControllerTest.testAddressVariants: line 228, column 1]]></failure>
        </testcase>
        <testcase name="testConstructorAndSerialization" classname="MarketingMapControllerTest" time="0.03">
            <failure message="System.AssertException: Assertion Failed: Should use injected 3 rows: Expected: 3, Actual: 0"><![CDATA[Class.MarketingMapControllerTest.testConstructorAndSerialization: line 158, column 1]]></failure>
        </testcase>
        <testcase name="testConstructorSafeWhenNoRows" classname="MarketingMapControllerTest" time="0.01">
        </testcase>
        <testcase name="testDisplayNameAndFallback" classname="MarketingMapControllerTest" time="0.03">
            <failure message="System.AssertException: Assertion Failed: Expect at least one &quot;City, ST&quot; formatted name"><![CDATA[Class.MarketingMapControllerTest.testDisplayNameAndFallback: line 204, column 1]]></failure>
        </testcase>
        <testcase name="testFilteringEnsuresLatLng" classname="MarketingMapControllerTest" time="0.02">
        </testcase>
        <testcase name="testRemoteAction" classname="MarketingMapControllerTest" time="0.02">
            <failure message="System.AssertException: Assertion Failed: records returned should be 3: Expected: 3, Actual: 0"><![CDATA[Class.MarketingMapControllerTest.testRemoteAction: line 184, column 1]]></failure>
        </testcase>
        <testcase name="testToRadAndHaversine" classname="MarketingMapControllerTest" time="0.01">
        </testcase>
    </testsuite>
</testsuites>
